<?xml version="1.0" encoding="UTF-8"?>
<!-- Generated by org.testng.reporters.JUnitReportReporter -->
<testsuite hostname="DESKTOP-LDIQIRD" failures="0" tests="1" name="flipkartShoppingTestPackage.FlipkartTestClass" time="0.076" errors="0" timestamp="2022-06-03T13:25:56 IST" skipped="0">
  <testcase classname="flipkartShoppingTestPackage.FlipkartTestClass" name="f" time="0.076"/>
  <system-out/>
</testsuite> <!-- flipkartShoppingTestPackage.FlipkartTestClass -->
