<?xml version="1.0" encoding="UTF-8"?>
<!-- Generated by org.testng.reporters.JUnitReportReporter -->
<testsuite hostname="DESKTOP-LDIQIRD" failures="0" tests="2" name="herokuapproject_TestClass.test_Brokenimages" time="2.910" errors="0" timestamp="4 May 2022 08:30:52 GMT">
  <testcase classname="herokuapproject_TestClass.test_Brokenimages" name="selenium_broken_image_approach_1" time="2.865"/>
  <testcase classname="herokuapproject_TestClass.test_Brokenimages" name="selenium_broken_image_approach_2" time="0.045"/>
</testsuite> <!-- herokuapproject_TestClass.test_Brokenimages -->
