<?xml version="1.0" encoding="UTF-8"?>
<!-- Generated by org.testng.reporters.JUnitReportReporter -->
<testsuite hostname="DESKTOP-LDIQIRD" failures="0" tests="1" name="herokuapproject_TestClass.Challenging_DOM" time="0.761" errors="0" timestamp="4 May 2022 08:30:52 GMT">
  <testcase classname="herokuapproject_TestClass.Challenging_DOM" name="handle_dom_data" time="0.761"/>
</testsuite> <!-- herokuapproject_TestClass.Challenging_DOM -->
