<?xml version="1.0" encoding="UTF-8"?>
<!-- Generated by org.testng.reporters.JUnitReportReporter -->
<testsuite hostname="DESKTOP-LDIQIRD" failures="0" tests="1" name="getRequest.Get_Data" time="5.378" errors="0" timestamp="2022-04-25T19:45:11 IST" skipped="0">
  <testcase classname="getRequest.Get_Data" name="testResponseCode" time="5.378"/>
  <system-out/>
</testsuite> <!-- getRequest.Get_Data -->
