<?xml version="1.0" encoding="UTF-8"?>
<!-- Generated by org.testng.reporters.JUnitReportReporter -->
<testsuite hostname="DESKTOP-LDIQIRD" failures="0" tests="3" name="testng_Keyword.Innocation_count" time="0.027" errors="0" timestamp="2022-03-22T11:03:06 IST" skipped="2">
  <testcase classname="testng_Keyword.Innocation_count" name="a" time="0.027"/>
  <system-out>
    <![CDATA[method a testing....]]>
  </system-out>
  <testcase classname="testng_Keyword.Innocation_count" name="b">
    <skipped/>
  </testcase> <!-- b -->
  <system-out/>
  <testcase classname="testng_Keyword.Innocation_count" name="c">
    <skipped/>
  </testcase> <!-- c -->
  <system-out/>
</testsuite> <!-- testng_Keyword.Innocation_count -->
