<?xml version="1.0" encoding="UTF-8"?>
<!-- Generated by org.testng.reporters.JUnitReportReporter -->
<testsuite hostname="DESKTOP-LDIQIRD" failures="0" tests="1" name="waits.Implicit_waitTest" time="51.679" errors="0" timestamp="2022-03-20T18:38:52 IST" skipped="0">
  <testcase classname="waits.Implicit_waitTest" name="f" time="51.679"/>
  <system-out>
    <![CDATA[open url successfully]]>
  </system-out>
</testsuite> <!-- waits.Implicit_waitTest -->
