<?xml version="1.0" encoding="UTF-8"?>
<!-- Generated by org.testng.reporters.JUnitReportReporter -->
<testsuite hostname="DESKTOP-LDIQIRD" failures="0" tests="1" name="assert_study.AssertFalse" time="26.564" errors="0" timestamp="2022-03-23T12:35:55 IST" skipped="0">
  <testcase classname="assert_study.AssertFalse" name="tc1" time="26.564"/>
  <system-out/>
</testsuite> <!-- assert_study.AssertFalse -->
