<?xml version="1.0" encoding="UTF-8"?>
<!-- Generated by org.testng.reporters.JUnitReportReporter -->
<testsuite hostname="DESKTOP-LDIQIRD" failures="0" tests="1" name="testNg_TestClass2.ValidatePasswordErrorMsg" time="3.002" errors="0" timestamp="2022-03-29T19:19:31 IST" skipped="0">
  <testcase classname="testNg_TestClass2.ValidatePasswordErrorMsg" name="validateerrorMsgForPwd" time="3.002"/>
  <system-out>
    <![CDATA[error msg matches.....,TC passed
Taking screenshot....]]>
  </system-out>
</testsuite> <!-- testNg_TestClass2.ValidatePasswordErrorMsg -->
