<?xml version="1.0" encoding="UTF-8"?>
<!-- Generated by org.testng.reporters.JUnitReportReporter -->
<testsuite hostname="DESKTOP-LDIQIRD" failures="0" tests="3" name="testNG.TestNG_Annotation" time="0.021" errors="0" timestamp="2022-03-21T22:52:01 IST" skipped="0">
  <testcase classname="testNG.TestNG_Annotation" name="method2" time="0.002"/>
  <system-out>
    <![CDATA[method 2 testing....]]>
  </system-out>
  <testcase classname="testNG.TestNG_Annotation" name="method3" time="0.001"/>
  <system-out>
    <![CDATA[method 3 testing....]]>
  </system-out>
  <testcase classname="testNG.TestNG_Annotation" name="method1" time="0.018"/>
  <system-out>
    <![CDATA[method 1 testing....]]>
  </system-out>
</testsuite> <!-- testNG.TestNG_Annotation -->
