<?xml version="1.0" encoding="UTF-8"?>
<!-- Generated by org.testng.reporters.JUnitReportReporter -->
<testsuite hostname="DESKTOP-LDIQIRD" failures="0" tests="1" name="testNG.Myclass" time="0.114" errors="0" timestamp="2022-03-17T23:02:38 IST" skipped="0">
  <testcase classname="testNG.Myclass" name="mymethod" time="0.114"/>
  <system-out/>
</testsuite> <!-- testNG.Myclass -->
