<?xml version="1.0" encoding="UTF-8"?>
<!-- Generated by org.testng.reporters.JUnitReportReporter -->
<testsuite hostname="DESKTOP-LDIQIRD" failures="0" tests="1" name="testNg_TestClass2.ValidateUserIdErrorMsg" time="18.234" errors="0" timestamp="2022-03-29T18:53:42 IST" skipped="0">
  <testcase classname="testNg_TestClass2.ValidateUserIdErrorMsg" name="validateuserIdErrorMsgOnHomePage" time="18.234"/>
  <system-out>
    <![CDATA[error msg matches.....,TC passed
Taking screenshot....]]>
  </system-out>
</testsuite> <!-- testNg_TestClass2.ValidateUserIdErrorMsg -->
