<?xml version="1.0" encoding="UTF-8"?>
<!-- Generated by org.testng.reporters.JUnitReportReporter -->
<testsuite hostname="DESKTOP-LDIQIRD" failures="0" tests="1" name="soft_Assert.AssertTrue_false" time="49.634" errors="0" timestamp="2022-03-25T11:32:20 IST" skipped="0">
  <testcase classname="soft_Assert.AssertTrue_false" name="f" time="49.634"/>
  <system-out>
    <![CDATA[checking value of userid.....]]>
  </system-out>
</testsuite> <!-- soft_Assert.AssertTrue_false -->
