<?xml version="1.0" encoding="UTF-8"?>
<!-- Generated by org.testng.reporters.JUnitReportReporter -->
<testsuite hostname="DESKTOP-LDIQIRD" failures="0" tests="3" name="testng_Keyword.loginTest_priority" time="0.022" errors="0" timestamp="2022-03-22T11:30:54 IST" skipped="0">
  <testcase classname="testng_Keyword.loginTest_priority" name="userName" time="0.014"/>
  <system-out>
    <![CDATA[entering username]]>
  </system-out>
  <testcase classname="testng_Keyword.loginTest_priority" name="password" time="0.002"/>
  <system-out>
    <![CDATA[entering password]]>
  </system-out>
  <testcase classname="testng_Keyword.loginTest_priority" name="clickbutton" time="0.006"/>
  <system-out>
    <![CDATA[clicking on login button]]>
  </system-out>
</testsuite> <!-- testng_Keyword.loginTest_priority -->
