<?xml version="1.0" encoding="UTF-8"?>
<!-- Generated by org.testng.reporters.JUnitReportReporter -->
<testsuite hostname="DESKTOP-LDIQIRD" failures="0" tests="8" name="test_suite.Grouping" time="0.053" errors="0" timestamp="2022-03-22T13:30:55 IST" skipped="0">
  <testcase classname="test_suite.Grouping" name="d" time="0.022"/>
  <system-out>
    <![CDATA[method d  testing....]]>
  </system-out>
  <testcase classname="test_suite.Grouping" name="a11" time="0.003"/>
  <system-out>
    <![CDATA[method a11 sting....]]>
  </system-out>
  <testcase classname="test_suite.Grouping" name="e" time="0.008"/>
  <system-out>
    <![CDATA[method e testing....]]>
  </system-out>
  <testcase classname="test_suite.Grouping" name="y" time="0.002"/>
  <system-out>
    <![CDATA[method y  testing....]]>
  </system-out>
  <testcase classname="test_suite.Grouping" name="x" time="0.002"/>
  <system-out>
    <![CDATA[method x testing....]]>
  </system-out>
  <testcase classname="test_suite.Grouping" name="f" time="0.003"/>
  <system-out>
    <![CDATA[method f  testing....]]>
  </system-out>
  <testcase classname="test_suite.Grouping" name="a10" time="0.003"/>
  <system-out>
    <![CDATA[method a10 atesting....]]>
  </system-out>
  <testcase classname="test_suite.Grouping" name="a" time="0.010"/>
  <system-out>
    <![CDATA[method a testing....]]>
  </system-out>
</testsuite> <!-- test_suite.Grouping -->
