<?xml version="1.0" encoding="UTF-8"?>
<!-- Generated by org.testng.reporters.JUnitReportReporter -->
<testsuite hostname="DESKTOP-LDIQIRD" failures="0" tests="1" name="testNG.Annotation_study" time="0.011" errors="0" timestamp="2022-03-21T23:04:24 IST" skipped="0">
  <testcase classname="testNG.Annotation_study" name="sampletest" time="0.011"/>
  <system-out>
    <![CDATA[Sample test page]]>
  </system-out>
</testsuite> <!-- testNG.Annotation_study -->
