<?xml version="1.0" encoding="UTF-8"?>
<!-- Generated by org.testng.reporters.JUnitReportReporter -->
<testsuite hostname="DESKTOP-LDIQIRD" failures="0" tests="7" name="testNG.Pract_on_23March" time="0.209" errors="0" timestamp="2022-03-23T18:48:10 IST" skipped="0">
  <testcase classname="testNG.Pract_on_23March" name="practice1" time="0.023"/>
  <system-out>
    <![CDATA[tc is passed]]>
  </system-out>
  <testcase classname="testNG.Pract_on_23March" name="practice3" time="0.013"/>
  <system-out>
    <![CDATA[tc is passed]]>
  </system-out>
  <testcase classname="testNG.Pract_on_23March" name="practice1" time="0.043"/>
  <system-out>
    <![CDATA[tc is passed]]>
  </system-out>
  <testcase classname="testNG.Pract_on_23March" name="practice2" time="0.043"/>
  <system-out>
    <![CDATA[tc is passed]]>
  </system-out>
  <testcase classname="testNG.Pract_on_23March" name="practice1" time="0.042"/>
  <system-out>
    <![CDATA[tc is passed]]>
  </system-out>
  <testcase classname="testNG.Pract_on_23March" name="practice1" time="0.007"/>
  <system-out>
    <![CDATA[tc is passed]]>
  </system-out>
  <testcase classname="testNG.Pract_on_23March" name="practice1" time="0.038"/>
  <system-out>
    <![CDATA[tc is passed]]>
  </system-out>
</testsuite> <!-- testNG.Pract_on_23March -->
