<?xml version="1.0" encoding="UTF-8"?>
<!-- Generated by org.testng.reporters.JUnitReportReporter -->
<testsuite hostname="DESKTOP-LDIQIRD" failures="0" tests="1" name="test_suite.Exclude_study" time="0.003" errors="0" timestamp="2022-03-22T11:55:54 IST" skipped="0">
  <testcase classname="test_suite.Exclude_study" name="x" time="0.003"/>
  <system-out>
    <![CDATA[method x testing....]]>
  </system-out>
</testsuite> <!-- test_suite.Exclude_study -->
