<?xml version="1.0" encoding="UTF-8"?>
<!-- Generated by org.testng.reporters.JUnitReportReporter -->
<testsuite hostname="DESKTOP-LDIQIRD" failures="0" tests="1" name="soft_Assert.notNull" time="0.036" errors="0" timestamp="2022-03-25T11:22:26 IST" skipped="0">
  <testcase classname="soft_Assert.notNull" name="f" time="0.036"/>
  <system-out>
    <![CDATA[checking a value]]>
  </system-out>
</testsuite> <!-- soft_Assert.notNull -->
