<?xml version="1.0" encoding="UTF-8"?>
<!-- Generated by org.testng.reporters.JUnitReportReporter -->
<testsuite hostname="DESKTOP-LDIQIRD" failures="0" tests="1" name="testNg_TestClass2.Base_ValidateUserIdTestClass1" time="18.308" errors="0" timestamp="2022-03-31T23:34:18 IST" skipped="0">
  <testcase classname="testNg_TestClass2.Base_ValidateUserIdTestClass1" name="validateUserName" time="18.308"/>
  <system-out/>
</testsuite> <!-- testNg_TestClass2.Base_ValidateUserIdTestClass1 -->
