<?xml version="1.0" encoding="UTF-8"?>
<!-- Generated by org.testng.reporters.JUnitReportReporter -->
<testsuite hostname="DESKTOP-LDIQIRD" failures="0" tests="8" name="testng_Keyword.Priority" time="0.065" errors="0" timestamp="2022-03-22T11:22:53 IST" skipped="0">
  <testcase classname="testng_Keyword.Priority" name="c" time="0.039"/>
  <system-out>
    <![CDATA[method c testing....]]>
  </system-out>
  <testcase classname="testng_Keyword.Priority" name="f" time="0.003"/>
  <system-out>
    <![CDATA[method f testing....]]>
  </system-out>
  <testcase classname="testng_Keyword.Priority" name="e" time="0.002"/>
  <system-out>
    <![CDATA[method e testing....]]>
  </system-out>
  <testcase classname="testng_Keyword.Priority" name="d" time="0.005"/>
  <system-out>
    <![CDATA[method d testing....]]>
  </system-out>
  <testcase classname="testng_Keyword.Priority" name="g" time="0.004"/>
  <system-out>
    <![CDATA[method g testing....]]>
  </system-out>
  <testcase classname="testng_Keyword.Priority" name="b" time="0.002"/>
  <system-out>
    <![CDATA[method b  testing....]]>
  </system-out>
  <testcase classname="testng_Keyword.Priority" name="h" time="0.002"/>
  <system-out>
    <![CDATA[method h testing....]]>
  </system-out>
  <testcase classname="testng_Keyword.Priority" name="x" time="0.008"/>
  <system-out>
    <![CDATA[method x testing....]]>
  </system-out>
</testsuite> <!-- testng_Keyword.Priority -->
