<?xml version="1.0" encoding="UTF-8"?>
<!-- Generated by org.testng.reporters.JUnitReportReporter -->
<testsuite hostname="DESKTOP-LDIQIRD" failures="0" tests="1" name="assert_study.AssertNotEqual_study" time="0.036" errors="0" timestamp="2022-03-25T11:46:47 IST" skipped="0">
  <testcase classname="assert_study.AssertNotEqual_study" name="tc1" time="0.036"/>
  <system-out>
    <![CDATA[result........]]>
  </system-out>
</testsuite> <!-- assert_study.AssertNotEqual_study -->
