<?xml version="1.0" encoding="UTF-8"?>
<!-- Generated by org.testng.reporters.JUnitReportReporter -->
<testsuite hostname="DESKTOP-LDIQIRD" failures="0" tests="3" name="testng_serial_parallel.Serial3" time="125.601" errors="0" timestamp="2022-03-23T12:01:50 IST" skipped="0">
  <testcase classname="testng_serial_parallel.Serial3" name="method1" time="41.867"/>
  <system-out/>
  <testcase classname="testng_serial_parallel.Serial3" name="method1" time="41.867"/>
  <system-out/>
  <testcase classname="testng_serial_parallel.Serial3" name="method1" time="41.867"/>
  <system-out/>
</testsuite> <!-- testng_serial_parallel.Serial3 -->
