<?xml version="1.0" encoding="UTF-8"?>
<!-- Generated by org.testng.reporters.JUnitReportReporter -->
<testsuite hostname="DESKTOP-LDIQIRD" failures="0" tests="5" name="test_suite.Include_study" time="0.041" errors="0" timestamp="2022-03-22T12:21:48 IST" skipped="0">
  <testcase classname="test_suite.Include_study" name="tc112" time="0.005"/>
  <system-out>
    <![CDATA[method tc112 testing....]]>
  </system-out>
  <testcase classname="test_suite.Include_study" name="tc7" time="0.006"/>
  <system-out>
    <![CDATA[method btc7 testing....]]>
  </system-out>
  <testcase classname="test_suite.Include_study" name="tc6" time="0.008"/>
  <system-out>
    <![CDATA[method tc6 testing....]]>
  </system-out>
  <testcase classname="test_suite.Include_study" name="tc11" time="0.020"/>
  <system-out>
    <![CDATA[method tc11 testing....]]>
  </system-out>
  <testcase classname="test_suite.Include_study" name="tc8" time="0.002"/>
  <system-out>
    <![CDATA[method tc8 testing....]]>
  </system-out>
</testsuite> <!-- test_suite.Include_study -->
