<?xml version="1.0" encoding="UTF-8"?>
<!-- Generated by org.testng.reporters.JUnitReportReporter -->
<testsuite hostname="DESKTOP-LDIQIRD" failures="0" tests="1" name="assert_study.assertTrue" time="40.855" errors="0" timestamp="2022-03-23T12:59:37 IST" skipped="0">
  <testcase classname="assert_study.assertTrue" name="tc1" time="40.855"/>
  <system-out/>
</testsuite> <!-- assert_study.assertTrue -->
