<?xml version="1.0" encoding="UTF-8"?>
<!-- Generated by org.testng.reporters.JUnitReportReporter -->
<testsuite hostname="DESKTOP-LDIQIRD" failures="0" tests="2" name="testNG.KiteTest" time="96.189" errors="0" timestamp="2022-03-18T14:36:21 IST" skipped="0">
  <testcase classname="testNG.KiteTest" name="method2" time="0.081"/>
  <system-out>
    <![CDATA[hii,Good morning]]>
  </system-out>
  <testcase classname="testNG.KiteTest" name="method1" time="96.108"/>
  <system-out/>
</testsuite> <!-- testNG.KiteTest -->
