<?xml version="1.0" encoding="UTF-8"?>
<!-- Generated by org.testng.reporters.JUnitReportReporter -->
<testsuite hostname="DESKTOP-LDIQIRD" failures="0" tests="1" name="soft_Assert.Assert_equal" time="0.029" errors="0" timestamp="2022-03-25T11:45:04 IST" skipped="0">
  <testcase classname="soft_Assert.Assert_equal" name="tc1" time="0.029"/>
  <system-out>
    <![CDATA[checking a and b values]]>
  </system-out>
</testsuite> <!-- soft_Assert.Assert_equal -->
